<?xml version="1.0" encoding="UTF-8"?>
<testsuite xmlns:xsi="http://www.w3.org/2001/XMLSchema-instance" xsi:noNamespaceSchemaLocation="https://maven.apache.org/surefire/maven-surefire-plugin/xsd/surefire-test-report.xsd" name="TestSuite" time="53.183" tests="24" errors="0" skipped="0" failures="0">
  <properties>
[...]
</properties>
  <testcase name="testOpenHomePage" classname="com.apothuaud.selenium.clickclack.web.tests.draft.v1.HomePageUnitTestSet" time="1.761"/>
  <testcase name="testHomePageToListPage" classname="com.apothuaud.selenium.clickclack.web.tests.draft.v1.HomePageIntegrationTestSet" time="1.031"/>
  <testcase name="testOpenClacksPage" classname="com.apothuaud.selenium.clickclack.web.tests.draft.v1.ClacksListPageUnitTestSet" time="0.608"/>
  <testcase name="testListPageToCreatePage" classname="com.apothuaud.selenium.clickclack.web.tests.draft.v1.ClacksListPageIntegrationTestSet" time="0.905"/>
  <testcase name="testListPageToDetailsPage" classname="com.apothuaud.selenium.clickclack.web.tests.draft.v1.ClacksListPageIntegrationTestSet" time="1.194"/>
  <testcase name="testListPageToHomePage" classname="com.apothuaud.selenium.clickclack.web.tests.draft.v1.ClacksListPageIntegrationTestSet" time="0.918"/>
  <testcase name="testListPageToUpdatePage" classname="com.apothuaud.selenium.clickclack.web.tests.draft.v1.ClacksListPageIntegrationTestSet" time="1.06"/>
  <testcase name="testOpenCreateClackPage" classname="com.apothuaud.selenium.clickclack.web.tests.draft.v1.ClacksCreatePageUnitTestSet" time="0.436"/>
  <testcase name="testCreatePageToListPage" classname="com.apothuaud.selenium.clickclack.web.tests.draft.v1.ClacksCreatePageIntegrationTestSet" time="0.881"/>
  <testcase name="testCreateFormAddFields" classname="com.apothuaud.selenium.clickclack.web.tests.draft.v1.ClacksCreatePageFunctionalTestSet" time="0.514"/>
  <testcase name="testCreateFormRemoveFields" classname="com.apothuaud.selenium.clickclack.web.tests.draft.v1.ClacksCreatePageFunctionalTestSet" time="0.099"/>
  <testcase name="testOpenClackDetailsPage" classname="com.apothuaud.selenium.clickclack.web.tests.draft.v1.ClacksDetailsPageUnitTestSet" time="0.513"/>
  <testcase name="testDetailsPageToListPage" classname="com.apothuaud.selenium.clickclack.web.tests.draft.v1.ClacksDetailsPageIntegrationTestSet" time="0.935"/>
  <testcase name="testDetailsPageToUpdatePage" classname="com.apothuaud.selenium.clickclack.web.tests.draft.v1.ClacksDetailsPageIntegrationTestSet" time="0.968"/>
  <testcase name="testErrorClackNotFound" classname="com.apothuaud.selenium.clickclack.web.tests.draft.v1.ClacksDetailsPageFunctionalTestSet" time="0.357"/>
  <testcase name="testOpenClackUpdatePage" classname="com.apothuaud.selenium.clickclack.web.tests.draft.v1.ClacksUpdatePageUnitTestSet" time="0.657"/>
  <testcase name="testDetailsPageToListPage" classname="com.apothuaud.selenium.clickclack.web.tests.draft.v1.ClacksUpdatePageIntegrationTestSet" time="1.065"/>
  <testcase name="testUpdateFormAddFields" classname="com.apothuaud.selenium.clickclack.web.tests.draft.v1.ClacksUpdatePageFunctionalTestSet" time="0.547"/>
  <testcase name="testUpdateFormRemoveFields" classname="com.apothuaud.selenium.clickclack.web.tests.draft.v1.ClacksUpdatePageFunctionalTestSet" time="0.083"/>
  <testcase name="testOpenClacksDeletePage" classname="com.apothuaud.selenium.clickclack.web.tests.draft.v1.ClacksDeletePageUnitTestSet" time="0.535"/>
  <testcase name="testDeletePageToListPage" classname="com.apothuaud.selenium.clickclack.web.tests.draft.v1.ClacksDeletePageIntegrationTestSet" time="1.325"/>
  <testcase name="testDeletePageConfirmToDelete" classname="com.apothuaud.selenium.clickclack.web.tests.draft.v1.ClacksDeletePageFunctionalTestSet" time="3.498"/>
  <testcase name="testDeletePageRefuseToDelete" classname="com.apothuaud.selenium.clickclack.web.tests.draft.v1.ClacksDeletePageFunctionalTestSet" time="3.457"/>
  <testcase name="testCRUDClack" classname="com.apothuaud.selenium.clickclack.web.tests.draft.v1.ClacksEndToEndTestSet" time="5.135"/>
</testsuite>