<?xml version="1.0" encoding="UTF-8"?>
<testng-results skipped="0" failed="0" ignored="24" total="48" passed="24">
  <reporter-output>
  </reporter-output>
  <suite name="ClickClack Web Draft v1" duration-ms="46234" started-at="2018-11-25T15:05:23 CET" finished-at="2018-11-25T15:06:10 CET">
    <groups>
      <group name="rec">
        <method signature="HomePageIntegrationTestSet.testHomePageToListPage()[pri:0, instance:com.apothuaud.selenium.clickclack.web.tests.draft.v1.HomePageIntegrationTestSet@59e84876]" name="testHomePageToListPage" class="com.apothuaud.selenium.clickclack.web.tests.draft.v1.HomePageIntegrationTestSet"/>
        <method signature="HomePageUnitTestSet.testOpenHomePage()[pri:0, instance:com.apothuaud.selenium.clickclack.web.tests.draft.v1.HomePageUnitTestSet@337d0578]" name="testOpenHomePage" class="com.apothuaud.selenium.clickclack.web.tests.draft.v1.HomePageUnitTestSet"/>
        <method signature="ClacksListPageIntegrationTestSet.testListPageToCreatePage()[pri:0, instance:com.apothuaud.selenium.clickclack.web.tests.draft.v1.ClacksListPageIntegrationTestSet@5d5eef3d]" name="testListPageToCreatePage" class="com.apothuaud.selenium.clickclack.web.tests.draft.v1.ClacksListPageIntegrationTestSet"/>
        <method signature="ClacksListPageIntegrationTestSet.testListPageToDetailsPage()[pri:0, instance:com.apothuaud.selenium.clickclack.web.tests.draft.v1.ClacksListPageIntegrationTestSet@5d5eef3d]" name="testListPageToDetailsPage" class="com.apothuaud.selenium.clickclack.web.tests.draft.v1.ClacksListPageIntegrationTestSet"/>
        <method signature="ClacksListPageIntegrationTestSet.testListPageToHomePage()[pri:0, instance:com.apothuaud.selenium.clickclack.web.tests.draft.v1.ClacksListPageIntegrationTestSet@5d5eef3d]" name="testListPageToHomePage" class="com.apothuaud.selenium.clickclack.web.tests.draft.v1.ClacksListPageIntegrationTestSet"/>
        <method signature="ClacksListPageIntegrationTestSet.testListPageToUpdatePage()[pri:0, instance:com.apothuaud.selenium.clickclack.web.tests.draft.v1.ClacksListPageIntegrationTestSet@5d5eef3d]" name="testListPageToUpdatePage" class="com.apothuaud.selenium.clickclack.web.tests.draft.v1.ClacksListPageIntegrationTestSet"/>
        <method signature="ClacksListPageUnitTestSet.testOpenClacksPage()[pri:0, instance:com.apothuaud.selenium.clickclack.web.tests.draft.v1.ClacksListPageUnitTestSet@23ceabc1]" name="testOpenClacksPage" class="com.apothuaud.selenium.clickclack.web.tests.draft.v1.ClacksListPageUnitTestSet"/>
        <method signature="ClacksCreatePageFunctionalTestSet.testCreateFormAddFields()[pri:0, instance:com.apothuaud.selenium.clickclack.web.tests.draft.v1.ClacksCreatePageFunctionalTestSet@7f9a81e8]" name="testCreateFormAddFields" class="com.apothuaud.selenium.clickclack.web.tests.draft.v1.ClacksCreatePageFunctionalTestSet"/>
        <method signature="ClacksCreatePageFunctionalTestSet.testCreateFormRemoveFields()[pri:0, instance:com.apothuaud.selenium.clickclack.web.tests.draft.v1.ClacksCreatePageFunctionalTestSet@7f9a81e8]" name="testCreateFormRemoveFields" class="com.apothuaud.selenium.clickclack.web.tests.draft.v1.ClacksCreatePageFunctionalTestSet"/>
        <method signature="ClacksCreatePageIntegrationTestSet.testCreatePageToListPage()[pri:0, instance:com.apothuaud.selenium.clickclack.web.tests.draft.v1.ClacksCreatePageIntegrationTestSet@51081592]" name="testCreatePageToListPage" class="com.apothuaud.selenium.clickclack.web.tests.draft.v1.ClacksCreatePageIntegrationTestSet"/>
        <method signature="ClacksCreatePageUnitTestSet.testOpenCreateClackPage()[pri:0, instance:com.apothuaud.selenium.clickclack.web.tests.draft.v1.ClacksCreatePageUnitTestSet@396a51ab]" name="testOpenCreateClackPage" class="com.apothuaud.selenium.clickclack.web.tests.draft.v1.ClacksCreatePageUnitTestSet"/>
        <method signature="ClacksDetailsPageFunctionalTestSet.testErrorClackNotFound()[pri:0, instance:com.apothuaud.selenium.clickclack.web.tests.draft.v1.ClacksDetailsPageFunctionalTestSet@2a2d45ba]" name="testErrorClackNotFound" class="com.apothuaud.selenium.clickclack.web.tests.draft.v1.ClacksDetailsPageFunctionalTestSet"/>
        <method signature="ClacksDetailsPageIntegrationTestSet.testDetailsPageToListPage()[pri:0, instance:com.apothuaud.selenium.clickclack.web.tests.draft.v1.ClacksDetailsPageIntegrationTestSet@7c16905e]" name="testDetailsPageToListPage" class="com.apothuaud.selenium.clickclack.web.tests.draft.v1.ClacksDetailsPageIntegrationTestSet"/>
        <method signature="ClacksDetailsPageIntegrationTestSet.testDetailsPageToUpdatePage()[pri:0, instance:com.apothuaud.selenium.clickclack.web.tests.draft.v1.ClacksDetailsPageIntegrationTestSet@7c16905e]" name="testDetailsPageToUpdatePage" class="com.apothuaud.selenium.clickclack.web.tests.draft.v1.ClacksDetailsPageIntegrationTestSet"/>
        <method signature="ClacksDetailsPageUnitTestSet.testOpenClackDetailsPage()[pri:0, instance:com.apothuaud.selenium.clickclack.web.tests.draft.v1.ClacksDetailsPageUnitTestSet@1753acfe]" name="testOpenClackDetailsPage" class="com.apothuaud.selenium.clickclack.web.tests.draft.v1.ClacksDetailsPageUnitTestSet"/>
        <method signature="ClacksUpdatePageFunctionalTestSet.testUpdateFormAddFields()[pri:0, instance:com.apothuaud.selenium.clickclack.web.tests.draft.v1.ClacksUpdatePageFunctionalTestSet@4cc0edeb]" name="testUpdateFormAddFields" class="com.apothuaud.selenium.clickclack.web.tests.draft.v1.ClacksUpdatePageFunctionalTestSet"/>
        <method signature="ClacksUpdatePageFunctionalTestSet.testUpdateFormRemoveFields()[pri:0, instance:com.apothuaud.selenium.clickclack.web.tests.draft.v1.ClacksUpdatePageFunctionalTestSet@4cc0edeb]" name="testUpdateFormRemoveFields" class="com.apothuaud.selenium.clickclack.web.tests.draft.v1.ClacksUpdatePageFunctionalTestSet"/>
        <method signature="ClacksUpdatePageIntegrationTestSet.testDetailsPageToListPage()[pri:0, instance:com.apothuaud.selenium.clickclack.web.tests.draft.v1.ClacksUpdatePageIntegrationTestSet@457e2f02]" name="testDetailsPageToListPage" class="com.apothuaud.selenium.clickclack.web.tests.draft.v1.ClacksUpdatePageIntegrationTestSet"/>
        <method signature="ClacksUpdatePageUnitTestSet.testOpenClackUpdatePage()[pri:0, instance:com.apothuaud.selenium.clickclack.web.tests.draft.v1.ClacksUpdatePageUnitTestSet@7823a2f9]" name="testOpenClackUpdatePage" class="com.apothuaud.selenium.clickclack.web.tests.draft.v1.ClacksUpdatePageUnitTestSet"/>
        <method signature="ClacksDeletePageFunctionalTestSet.testDeletePageConfirmToDelete()[pri:0, instance:com.apothuaud.selenium.clickclack.web.tests.draft.v1.ClacksDeletePageFunctionalTestSet@cb5822]" name="testDeletePageConfirmToDelete" class="com.apothuaud.selenium.clickclack.web.tests.draft.v1.ClacksDeletePageFunctionalTestSet"/>
        <method signature="ClacksDeletePageFunctionalTestSet.testDeletePageRefuseToDelete()[pri:0, instance:com.apothuaud.selenium.clickclack.web.tests.draft.v1.ClacksDeletePageFunctionalTestSet@cb5822]" name="testDeletePageRefuseToDelete" class="com.apothuaud.selenium.clickclack.web.tests.draft.v1.ClacksDeletePageFunctionalTestSet"/>
        <method signature="ClacksDeletePageIntegrationTestSet.testDeletePageToListPage()[pri:0, instance:com.apothuaud.selenium.clickclack.web.tests.draft.v1.ClacksDeletePageIntegrationTestSet@18be83e4]" name="testDeletePageToListPage" class="com.apothuaud.selenium.clickclack.web.tests.draft.v1.ClacksDeletePageIntegrationTestSet"/>
        <method signature="ClacksDeletePageUnitTestSet.testOpenClacksDeletePage()[pri:0, instance:com.apothuaud.selenium.clickclack.web.tests.draft.v1.ClacksDeletePageUnitTestSet@8bd1b6a]" name="testOpenClacksDeletePage" class="com.apothuaud.selenium.clickclack.web.tests.draft.v1.ClacksDeletePageUnitTestSet"/>
        <method signature="ClacksEndToEndTestSet.testCRUDClack()[pri:0, instance:com.apothuaud.selenium.clickclack.web.tests.draft.v1.ClacksEndToEndTestSet@224edc67]" name="testCRUDClack" class="com.apothuaud.selenium.clickclack.web.tests.draft.v1.ClacksEndToEndTestSet"/>
      </group> <!-- rec -->
      <group name="unit">
        <method signature="HomePageUnitTestSet.testOpenHomePage()[pri:0, instance:com.apothuaud.selenium.clickclack.web.tests.draft.v1.HomePageUnitTestSet@337d0578]" name="testOpenHomePage" class="com.apothuaud.selenium.clickclack.web.tests.draft.v1.HomePageUnitTestSet"/>
        <method signature="ClacksListPageUnitTestSet.testOpenClacksPage()[pri:0, instance:com.apothuaud.selenium.clickclack.web.tests.draft.v1.ClacksListPageUnitTestSet@23ceabc1]" name="testOpenClacksPage" class="com.apothuaud.selenium.clickclack.web.tests.draft.v1.ClacksListPageUnitTestSet"/>
        <method signature="ClacksCreatePageUnitTestSet.testOpenCreateClackPage()[pri:0, instance:com.apothuaud.selenium.clickclack.web.tests.draft.v1.ClacksCreatePageUnitTestSet@396a51ab]" name="testOpenCreateClackPage" class="com.apothuaud.selenium.clickclack.web.tests.draft.v1.ClacksCreatePageUnitTestSet"/>
        <method signature="ClacksDetailsPageUnitTestSet.testOpenClackDetailsPage()[pri:0, instance:com.apothuaud.selenium.clickclack.web.tests.draft.v1.ClacksDetailsPageUnitTestSet@1753acfe]" name="testOpenClackDetailsPage" class="com.apothuaud.selenium.clickclack.web.tests.draft.v1.ClacksDetailsPageUnitTestSet"/>
        <method signature="ClacksUpdatePageUnitTestSet.testOpenClackUpdatePage()[pri:0, instance:com.apothuaud.selenium.clickclack.web.tests.draft.v1.ClacksUpdatePageUnitTestSet@7823a2f9]" name="testOpenClackUpdatePage" class="com.apothuaud.selenium.clickclack.web.tests.draft.v1.ClacksUpdatePageUnitTestSet"/>
        <method signature="ClacksDeletePageUnitTestSet.testOpenClacksDeletePage()[pri:0, instance:com.apothuaud.selenium.clickclack.web.tests.draft.v1.ClacksDeletePageUnitTestSet@8bd1b6a]" name="testOpenClacksDeletePage" class="com.apothuaud.selenium.clickclack.web.tests.draft.v1.ClacksDeletePageUnitTestSet"/>
      </group> <!-- unit -->
      <group name="prod">
        <method signature="HomePageIntegrationTestSet.testHomePageToListPage()[pri:0, instance:com.apothuaud.selenium.clickclack.web.tests.draft.v1.HomePageIntegrationTestSet@59e84876]" name="testHomePageToListPage" class="com.apothuaud.selenium.clickclack.web.tests.draft.v1.HomePageIntegrationTestSet"/>
        <method signature="HomePageUnitTestSet.testOpenHomePage()[pri:0, instance:com.apothuaud.selenium.clickclack.web.tests.draft.v1.HomePageUnitTestSet@337d0578]" name="testOpenHomePage" class="com.apothuaud.selenium.clickclack.web.tests.draft.v1.HomePageUnitTestSet"/>
        <method signature="ClacksListPageIntegrationTestSet.testListPageToCreatePage()[pri:0, instance:com.apothuaud.selenium.clickclack.web.tests.draft.v1.ClacksListPageIntegrationTestSet@5d5eef3d]" name="testListPageToCreatePage" class="com.apothuaud.selenium.clickclack.web.tests.draft.v1.ClacksListPageIntegrationTestSet"/>
        <method signature="ClacksListPageIntegrationTestSet.testListPageToDetailsPage()[pri:0, instance:com.apothuaud.selenium.clickclack.web.tests.draft.v1.ClacksListPageIntegrationTestSet@5d5eef3d]" name="testListPageToDetailsPage" class="com.apothuaud.selenium.clickclack.web.tests.draft.v1.ClacksListPageIntegrationTestSet"/>
        <method signature="ClacksListPageIntegrationTestSet.testListPageToHomePage()[pri:0, instance:com.apothuaud.selenium.clickclack.web.tests.draft.v1.ClacksListPageIntegrationTestSet@5d5eef3d]" name="testListPageToHomePage" class="com.apothuaud.selenium.clickclack.web.tests.draft.v1.ClacksListPageIntegrationTestSet"/>
        <method signature="ClacksListPageIntegrationTestSet.testListPageToUpdatePage()[pri:0, instance:com.apothuaud.selenium.clickclack.web.tests.draft.v1.ClacksListPageIntegrationTestSet@5d5eef3d]" name="testListPageToUpdatePage" class="com.apothuaud.selenium.clickclack.web.tests.draft.v1.ClacksListPageIntegrationTestSet"/>
        <method signature="ClacksListPageUnitTestSet.testOpenClacksPage()[pri:0, instance:com.apothuaud.selenium.clickclack.web.tests.draft.v1.ClacksListPageUnitTestSet@23ceabc1]" name="testOpenClacksPage" class="com.apothuaud.selenium.clickclack.web.tests.draft.v1.ClacksListPageUnitTestSet"/>
        <method signature="ClacksCreatePageFunctionalTestSet.testCreateFormAddFields()[pri:0, instance:com.apothuaud.selenium.clickclack.web.tests.draft.v1.ClacksCreatePageFunctionalTestSet@7f9a81e8]" name="testCreateFormAddFields" class="com.apothuaud.selenium.clickclack.web.tests.draft.v1.ClacksCreatePageFunctionalTestSet"/>
        <method signature="ClacksCreatePageFunctionalTestSet.testCreateFormRemoveFields()[pri:0, instance:com.apothuaud.selenium.clickclack.web.tests.draft.v1.ClacksCreatePageFunctionalTestSet@7f9a81e8]" name="testCreateFormRemoveFields" class="com.apothuaud.selenium.clickclack.web.tests.draft.v1.ClacksCreatePageFunctionalTestSet"/>
        <method signature="ClacksCreatePageIntegrationTestSet.testCreatePageToListPage()[pri:0, instance:com.apothuaud.selenium.clickclack.web.tests.draft.v1.ClacksCreatePageIntegrationTestSet@51081592]" name="testCreatePageToListPage" class="com.apothuaud.selenium.clickclack.web.tests.draft.v1.ClacksCreatePageIntegrationTestSet"/>
        <method signature="ClacksCreatePageUnitTestSet.testOpenCreateClackPage()[pri:0, instance:com.apothuaud.selenium.clickclack.web.tests.draft.v1.ClacksCreatePageUnitTestSet@396a51ab]" name="testOpenCreateClackPage" class="com.apothuaud.selenium.clickclack.web.tests.draft.v1.ClacksCreatePageUnitTestSet"/>
        <method signature="ClacksDetailsPageFunctionalTestSet.testErrorClackNotFound()[pri:0, instance:com.apothuaud.selenium.clickclack.web.tests.draft.v1.ClacksDetailsPageFunctionalTestSet@2a2d45ba]" name="testErrorClackNotFound" class="com.apothuaud.selenium.clickclack.web.tests.draft.v1.ClacksDetailsPageFunctionalTestSet"/>
        <method signature="ClacksDetailsPageIntegrationTestSet.testDetailsPageToListPage()[pri:0, instance:com.apothuaud.selenium.clickclack.web.tests.draft.v1.ClacksDetailsPageIntegrationTestSet@7c16905e]" name="testDetailsPageToListPage" class="com.apothuaud.selenium.clickclack.web.tests.draft.v1.ClacksDetailsPageIntegrationTestSet"/>
        <method signature="ClacksDetailsPageIntegrationTestSet.testDetailsPageToUpdatePage()[pri:0, instance:com.apothuaud.selenium.clickclack.web.tests.draft.v1.ClacksDetailsPageIntegrationTestSet@7c16905e]" name="testDetailsPageToUpdatePage" class="com.apothuaud.selenium.clickclack.web.tests.draft.v1.ClacksDetailsPageIntegrationTestSet"/>
        <method signature="ClacksDetailsPageUnitTestSet.testOpenClackDetailsPage()[pri:0, instance:com.apothuaud.selenium.clickclack.web.tests.draft.v1.ClacksDetailsPageUnitTestSet@1753acfe]" name="testOpenClackDetailsPage" class="com.apothuaud.selenium.clickclack.web.tests.draft.v1.ClacksDetailsPageUnitTestSet"/>
        <method signature="ClacksUpdatePageFunctionalTestSet.testUpdateFormAddFields()[pri:0, instance:com.apothuaud.selenium.clickclack.web.tests.draft.v1.ClacksUpdatePageFunctionalTestSet@4cc0edeb]" name="testUpdateFormAddFields" class="com.apothuaud.selenium.clickclack.web.tests.draft.v1.ClacksUpdatePageFunctionalTestSet"/>
        <method signature="ClacksUpdatePageFunctionalTestSet.testUpdateFormRemoveFields()[pri:0, instance:com.apothuaud.selenium.clickclack.web.tests.draft.v1.ClacksUpdatePageFunctionalTestSet@4cc0edeb]" name="testUpdateFormRemoveFields" class="com.apothuaud.selenium.clickclack.web.tests.draft.v1.ClacksUpdatePageFunctionalTestSet"/>
        <method signature="ClacksUpdatePageIntegrationTestSet.testDetailsPageToListPage()[pri:0, instance:com.apothuaud.selenium.clickclack.web.tests.draft.v1.ClacksUpdatePageIntegrationTestSet@457e2f02]" name="testDetailsPageToListPage" class="com.apothuaud.selenium.clickclack.web.tests.draft.v1.ClacksUpdatePageIntegrationTestSet"/>
        <method signature="ClacksUpdatePageUnitTestSet.testOpenClackUpdatePage()[pri:0, instance:com.apothuaud.selenium.clickclack.web.tests.draft.v1.ClacksUpdatePageUnitTestSet@7823a2f9]" name="testOpenClackUpdatePage" class="com.apothuaud.selenium.clickclack.web.tests.draft.v1.ClacksUpdatePageUnitTestSet"/>
        <method signature="ClacksDeletePageFunctionalTestSet.testDeletePageConfirmToDelete()[pri:0, instance:com.apothuaud.selenium.clickclack.web.tests.draft.v1.ClacksDeletePageFunctionalTestSet@cb5822]" name="testDeletePageConfirmToDelete" class="com.apothuaud.selenium.clickclack.web.tests.draft.v1.ClacksDeletePageFunctionalTestSet"/>
        <method signature="ClacksDeletePageFunctionalTestSet.testDeletePageRefuseToDelete()[pri:0, instance:com.apothuaud.selenium.clickclack.web.tests.draft.v1.ClacksDeletePageFunctionalTestSet@cb5822]" name="testDeletePageRefuseToDelete" class="com.apothuaud.selenium.clickclack.web.tests.draft.v1.ClacksDeletePageFunctionalTestSet"/>
        <method signature="ClacksDeletePageIntegrationTestSet.testDeletePageToListPage()[pri:0, instance:com.apothuaud.selenium.clickclack.web.tests.draft.v1.ClacksDeletePageIntegrationTestSet@18be83e4]" name="testDeletePageToListPage" class="com.apothuaud.selenium.clickclack.web.tests.draft.v1.ClacksDeletePageIntegrationTestSet"/>
        <method signature="ClacksDeletePageUnitTestSet.testOpenClacksDeletePage()[pri:0, instance:com.apothuaud.selenium.clickclack.web.tests.draft.v1.ClacksDeletePageUnitTestSet@8bd1b6a]" name="testOpenClacksDeletePage" class="com.apothuaud.selenium.clickclack.web.tests.draft.v1.ClacksDeletePageUnitTestSet"/>
        <method signature="ClacksEndToEndTestSet.testCRUDClack()[pri:0, instance:com.apothuaud.selenium.clickclack.web.tests.draft.v1.ClacksEndToEndTestSet@224edc67]" name="testCRUDClack" class="com.apothuaud.selenium.clickclack.web.tests.draft.v1.ClacksEndToEndTestSet"/>
      </group> <!-- prod -->
      <group name="dev">
        <method signature="HomePageIntegrationTestSet.testHomePageToListPage()[pri:0, instance:com.apothuaud.selenium.clickclack.web.tests.draft.v1.HomePageIntegrationTestSet@59e84876]" name="testHomePageToListPage" class="com.apothuaud.selenium.clickclack.web.tests.draft.v1.HomePageIntegrationTestSet"/>
        <method signature="HomePageUnitTestSet.testOpenHomePage()[pri:0, instance:com.apothuaud.selenium.clickclack.web.tests.draft.v1.HomePageUnitTestSet@337d0578]" name="testOpenHomePage" class="com.apothuaud.selenium.clickclack.web.tests.draft.v1.HomePageUnitTestSet"/>
        <method signature="ClacksListPageIntegrationTestSet.testListPageToCreatePage()[pri:0, instance:com.apothuaud.selenium.clickclack.web.tests.draft.v1.ClacksListPageIntegrationTestSet@5d5eef3d]" name="testListPageToCreatePage" class="com.apothuaud.selenium.clickclack.web.tests.draft.v1.ClacksListPageIntegrationTestSet"/>
        <method signature="ClacksListPageIntegrationTestSet.testListPageToDetailsPage()[pri:0, instance:com.apothuaud.selenium.clickclack.web.tests.draft.v1.ClacksListPageIntegrationTestSet@5d5eef3d]" name="testListPageToDetailsPage" class="com.apothuaud.selenium.clickclack.web.tests.draft.v1.ClacksListPageIntegrationTestSet"/>
        <method signature="ClacksListPageIntegrationTestSet.testListPageToHomePage()[pri:0, instance:com.apothuaud.selenium.clickclack.web.tests.draft.v1.ClacksListPageIntegrationTestSet@5d5eef3d]" name="testListPageToHomePage" class="com.apothuaud.selenium.clickclack.web.tests.draft.v1.ClacksListPageIntegrationTestSet"/>
        <method signature="ClacksListPageIntegrationTestSet.testListPageToUpdatePage()[pri:0, instance:com.apothuaud.selenium.clickclack.web.tests.draft.v1.ClacksListPageIntegrationTestSet@5d5eef3d]" name="testListPageToUpdatePage" class="com.apothuaud.selenium.clickclack.web.tests.draft.v1.ClacksListPageIntegrationTestSet"/>
        <method signature="ClacksListPageUnitTestSet.testOpenClacksPage()[pri:0, instance:com.apothuaud.selenium.clickclack.web.tests.draft.v1.ClacksListPageUnitTestSet@23ceabc1]" name="testOpenClacksPage" class="com.apothuaud.selenium.clickclack.web.tests.draft.v1.ClacksListPageUnitTestSet"/>
        <method signature="ClacksCreatePageFunctionalTestSet.testCreateFormAddFields()[pri:0, instance:com.apothuaud.selenium.clickclack.web.tests.draft.v1.ClacksCreatePageFunctionalTestSet@7f9a81e8]" name="testCreateFormAddFields" class="com.apothuaud.selenium.clickclack.web.tests.draft.v1.ClacksCreatePageFunctionalTestSet"/>
        <method signature="ClacksCreatePageFunctionalTestSet.testCreateFormRemoveFields()[pri:0, instance:com.apothuaud.selenium.clickclack.web.tests.draft.v1.ClacksCreatePageFunctionalTestSet@7f9a81e8]" name="testCreateFormRemoveFields" class="com.apothuaud.selenium.clickclack.web.tests.draft.v1.ClacksCreatePageFunctionalTestSet"/>
        <method signature="ClacksCreatePageIntegrationTestSet.testCreatePageToListPage()[pri:0, instance:com.apothuaud.selenium.clickclack.web.tests.draft.v1.ClacksCreatePageIntegrationTestSet@51081592]" name="testCreatePageToListPage" class="com.apothuaud.selenium.clickclack.web.tests.draft.v1.ClacksCreatePageIntegrationTestSet"/>
        <method signature="ClacksCreatePageUnitTestSet.testOpenCreateClackPage()[pri:0, instance:com.apothuaud.selenium.clickclack.web.tests.draft.v1.ClacksCreatePageUnitTestSet@396a51ab]" name="testOpenCreateClackPage" class="com.apothuaud.selenium.clickclack.web.tests.draft.v1.ClacksCreatePageUnitTestSet"/>
        <method signature="ClacksDetailsPageFunctionalTestSet.testErrorClackNotFound()[pri:0, instance:com.apothuaud.selenium.clickclack.web.tests.draft.v1.ClacksDetailsPageFunctionalTestSet@2a2d45ba]" name="testErrorClackNotFound" class="com.apothuaud.selenium.clickclack.web.tests.draft.v1.ClacksDetailsPageFunctionalTestSet"/>
        <method signature="ClacksDetailsPageIntegrationTestSet.testDetailsPageToListPage()[pri:0, instance:com.apothuaud.selenium.clickclack.web.tests.draft.v1.ClacksDetailsPageIntegrationTestSet@7c16905e]" name="testDetailsPageToListPage" class="com.apothuaud.selenium.clickclack.web.tests.draft.v1.ClacksDetailsPageIntegrationTestSet"/>
        <method signature="ClacksDetailsPageIntegrationTestSet.testDetailsPageToUpdatePage()[pri:0, instance:com.apothuaud.selenium.clickclack.web.tests.draft.v1.ClacksDetailsPageIntegrationTestSet@7c16905e]" name="testDetailsPageToUpdatePage" class="com.apothuaud.selenium.clickclack.web.tests.draft.v1.ClacksDetailsPageIntegrationTestSet"/>
        <method signature="ClacksDetailsPageUnitTestSet.testOpenClackDetailsPage()[pri:0, instance:com.apothuaud.selenium.clickclack.web.tests.draft.v1.ClacksDetailsPageUnitTestSet@1753acfe]" name="testOpenClackDetailsPage" class="com.apothuaud.selenium.clickclack.web.tests.draft.v1.ClacksDetailsPageUnitTestSet"/>
        <method signature="ClacksUpdatePageFunctionalTestSet.testUpdateFormAddFields()[pri:0, instance:com.apothuaud.selenium.clickclack.web.tests.draft.v1.ClacksUpdatePageFunctionalTestSet@4cc0edeb]" name="testUpdateFormAddFields" class="com.apothuaud.selenium.clickclack.web.tests.draft.v1.ClacksUpdatePageFunctionalTestSet"/>
        <method signature="ClacksUpdatePageFunctionalTestSet.testUpdateFormRemoveFields()[pri:0, instance:com.apothuaud.selenium.clickclack.web.tests.draft.v1.ClacksUpdatePageFunctionalTestSet@4cc0edeb]" name="testUpdateFormRemoveFields" class="com.apothuaud.selenium.clickclack.web.tests.draft.v1.ClacksUpdatePageFunctionalTestSet"/>
        <method signature="ClacksUpdatePageIntegrationTestSet.testDetailsPageToListPage()[pri:0, instance:com.apothuaud.selenium.clickclack.web.tests.draft.v1.ClacksUpdatePageIntegrationTestSet@457e2f02]" name="testDetailsPageToListPage" class="com.apothuaud.selenium.clickclack.web.tests.draft.v1.ClacksUpdatePageIntegrationTestSet"/>
        <method signature="ClacksUpdatePageUnitTestSet.testOpenClackUpdatePage()[pri:0, instance:com.apothuaud.selenium.clickclack.web.tests.draft.v1.ClacksUpdatePageUnitTestSet@7823a2f9]" name="testOpenClackUpdatePage" class="com.apothuaud.selenium.clickclack.web.tests.draft.v1.ClacksUpdatePageUnitTestSet"/>
        <method signature="ClacksDeletePageFunctionalTestSet.testDeletePageConfirmToDelete()[pri:0, instance:com.apothuaud.selenium.clickclack.web.tests.draft.v1.ClacksDeletePageFunctionalTestSet@cb5822]" name="testDeletePageConfirmToDelete" class="com.apothuaud.selenium.clickclack.web.tests.draft.v1.ClacksDeletePageFunctionalTestSet"/>
        <method signature="ClacksDeletePageFunctionalTestSet.testDeletePageRefuseToDelete()[pri:0, instance:com.apothuaud.selenium.clickclack.web.tests.draft.v1.ClacksDeletePageFunctionalTestSet@cb5822]" name="testDeletePageRefuseToDelete" class="com.apothuaud.selenium.clickclack.web.tests.draft.v1.ClacksDeletePageFunctionalTestSet"/>
        <method signature="ClacksDeletePageIntegrationTestSet.testDeletePageToListPage()[pri:0, instance:com.apothuaud.selenium.clickclack.web.tests.draft.v1.ClacksDeletePageIntegrationTestSet@18be83e4]" name="testDeletePageToListPage" class="com.apothuaud.selenium.clickclack.web.tests.draft.v1.ClacksDeletePageIntegrationTestSet"/>
        <method signature="ClacksDeletePageUnitTestSet.testOpenClacksDeletePage()[pri:0, instance:com.apothuaud.selenium.clickclack.web.tests.draft.v1.ClacksDeletePageUnitTestSet@8bd1b6a]" name="testOpenClacksDeletePage" class="com.apothuaud.selenium.clickclack.web.tests.draft.v1.ClacksDeletePageUnitTestSet"/>
        <method signature="ClacksEndToEndTestSet.testCRUDClack()[pri:0, instance:com.apothuaud.selenium.clickclack.web.tests.draft.v1.ClacksEndToEndTestSet@224edc67]" name="testCRUDClack" class="com.apothuaud.selenium.clickclack.web.tests.draft.v1.ClacksEndToEndTestSet"/>
      </group> <!-- dev -->
      <group name="e2e">
        <method signature="ClacksEndToEndTestSet.testCRUDClack()[pri:0, instance:com.apothuaud.selenium.clickclack.web.tests.draft.v1.ClacksEndToEndTestSet@224edc67]" name="testCRUDClack" class="com.apothuaud.selenium.clickclack.web.tests.draft.v1.ClacksEndToEndTestSet"/>
      </group> <!-- e2e -->
      <group name="fun">
        <method signature="ClacksCreatePageFunctionalTestSet.testCreateFormAddFields()[pri:0, instance:com.apothuaud.selenium.clickclack.web.tests.draft.v1.ClacksCreatePageFunctionalTestSet@7f9a81e8]" name="testCreateFormAddFields" class="com.apothuaud.selenium.clickclack.web.tests.draft.v1.ClacksCreatePageFunctionalTestSet"/>
        <method signature="ClacksCreatePageFunctionalTestSet.testCreateFormRemoveFields()[pri:0, instance:com.apothuaud.selenium.clickclack.web.tests.draft.v1.ClacksCreatePageFunctionalTestSet@7f9a81e8]" name="testCreateFormRemoveFields" class="com.apothuaud.selenium.clickclack.web.tests.draft.v1.ClacksCreatePageFunctionalTestSet"/>
        <method signature="ClacksDetailsPageFunctionalTestSet.testErrorClackNotFound()[pri:0, instance:com.apothuaud.selenium.clickclack.web.tests.draft.v1.ClacksDetailsPageFunctionalTestSet@2a2d45ba]" name="testErrorClackNotFound" class="com.apothuaud.selenium.clickclack.web.tests.draft.v1.ClacksDetailsPageFunctionalTestSet"/>
        <method signature="ClacksUpdatePageFunctionalTestSet.testUpdateFormAddFields()[pri:0, instance:com.apothuaud.selenium.clickclack.web.tests.draft.v1.ClacksUpdatePageFunctionalTestSet@4cc0edeb]" name="testUpdateFormAddFields" class="com.apothuaud.selenium.clickclack.web.tests.draft.v1.ClacksUpdatePageFunctionalTestSet"/>
        <method signature="ClacksUpdatePageFunctionalTestSet.testUpdateFormRemoveFields()[pri:0, instance:com.apothuaud.selenium.clickclack.web.tests.draft.v1.ClacksUpdatePageFunctionalTestSet@4cc0edeb]" name="testUpdateFormRemoveFields" class="com.apothuaud.selenium.clickclack.web.tests.draft.v1.ClacksUpdatePageFunctionalTestSet"/>
        <method signature="ClacksDeletePageFunctionalTestSet.testDeletePageRefuseToDelete()[pri:0, instance:com.apothuaud.selenium.clickclack.web.tests.draft.v1.ClacksDeletePageFunctionalTestSet@cb5822]" name="testDeletePageRefuseToDelete" class="com.apothuaud.selenium.clickclack.web.tests.draft.v1.ClacksDeletePageFunctionalTestSet"/>
      </group> <!-- fun -->
      <group name="int">
        <method signature="HomePageIntegrationTestSet.testHomePageToListPage()[pri:0, instance:com.apothuaud.selenium.clickclack.web.tests.draft.v1.HomePageIntegrationTestSet@59e84876]" name="testHomePageToListPage" class="com.apothuaud.selenium.clickclack.web.tests.draft.v1.HomePageIntegrationTestSet"/>
        <method signature="ClacksListPageIntegrationTestSet.testListPageToCreatePage()[pri:0, instance:com.apothuaud.selenium.clickclack.web.tests.draft.v1.ClacksListPageIntegrationTestSet@5d5eef3d]" name="testListPageToCreatePage" class="com.apothuaud.selenium.clickclack.web.tests.draft.v1.ClacksListPageIntegrationTestSet"/>
        <method signature="ClacksListPageIntegrationTestSet.testListPageToDetailsPage()[pri:0, instance:com.apothuaud.selenium.clickclack.web.tests.draft.v1.ClacksListPageIntegrationTestSet@5d5eef3d]" name="testListPageToDetailsPage" class="com.apothuaud.selenium.clickclack.web.tests.draft.v1.ClacksListPageIntegrationTestSet"/>
        <method signature="ClacksListPageIntegrationTestSet.testListPageToHomePage()[pri:0, instance:com.apothuaud.selenium.clickclack.web.tests.draft.v1.ClacksListPageIntegrationTestSet@5d5eef3d]" name="testListPageToHomePage" class="com.apothuaud.selenium.clickclack.web.tests.draft.v1.ClacksListPageIntegrationTestSet"/>
        <method signature="ClacksListPageIntegrationTestSet.testListPageToUpdatePage()[pri:0, instance:com.apothuaud.selenium.clickclack.web.tests.draft.v1.ClacksListPageIntegrationTestSet@5d5eef3d]" name="testListPageToUpdatePage" class="com.apothuaud.selenium.clickclack.web.tests.draft.v1.ClacksListPageIntegrationTestSet"/>
        <method signature="ClacksCreatePageIntegrationTestSet.testCreatePageToListPage()[pri:0, instance:com.apothuaud.selenium.clickclack.web.tests.draft.v1.ClacksCreatePageIntegrationTestSet@51081592]" name="testCreatePageToListPage" class="com.apothuaud.selenium.clickclack.web.tests.draft.v1.ClacksCreatePageIntegrationTestSet"/>
        <method signature="ClacksDetailsPageIntegrationTestSet.testDetailsPageToListPage()[pri:0, instance:com.apothuaud.selenium.clickclack.web.tests.draft.v1.ClacksDetailsPageIntegrationTestSet@7c16905e]" name="testDetailsPageToListPage" class="com.apothuaud.selenium.clickclack.web.tests.draft.v1.ClacksDetailsPageIntegrationTestSet"/>
        <method signature="ClacksDetailsPageIntegrationTestSet.testDetailsPageToUpdatePage()[pri:0, instance:com.apothuaud.selenium.clickclack.web.tests.draft.v1.ClacksDetailsPageIntegrationTestSet@7c16905e]" name="testDetailsPageToUpdatePage" class="com.apothuaud.selenium.clickclack.web.tests.draft.v1.ClacksDetailsPageIntegrationTestSet"/>
        <method signature="ClacksUpdatePageIntegrationTestSet.testDetailsPageToListPage()[pri:0, instance:com.apothuaud.selenium.clickclack.web.tests.draft.v1.ClacksUpdatePageIntegrationTestSet@457e2f02]" name="testDetailsPageToListPage" class="com.apothuaud.selenium.clickclack.web.tests.draft.v1.ClacksUpdatePageIntegrationTestSet"/>
        <method signature="ClacksDeletePageFunctionalTestSet.testDeletePageConfirmToDelete()[pri:0, instance:com.apothuaud.selenium.clickclack.web.tests.draft.v1.ClacksDeletePageFunctionalTestSet@cb5822]" name="testDeletePageConfirmToDelete" class="com.apothuaud.selenium.clickclack.web.tests.draft.v1.ClacksDeletePageFunctionalTestSet"/>
        <method signature="ClacksDeletePageIntegrationTestSet.testDeletePageToListPage()[pri:0, instance:com.apothuaud.selenium.clickclack.web.tests.draft.v1.ClacksDeletePageIntegrationTestSet@18be83e4]" name="testDeletePageToListPage" class="com.apothuaud.selenium.clickclack.web.tests.draft.v1.ClacksDeletePageIntegrationTestSet"/>
      </group> <!-- int -->
    </groups>
    <test name="HomePage" duration-ms="2854" started-at="2018-11-25T15:05:23 CET" finished-at="2018-11-25T15:05:26 CET">
      <class name="com.apothuaud.selenium.clickclack.web.tests.draft.v1.HomePageUnitTestSet">
        <test-method status="PASS" signature="testOpenHomePage()[pri:0, instance:com.apothuaud.selenium.clickclack.web.tests.draft.v1.HomePageUnitTestSet@337d0578]" name="testOpenHomePage" duration-ms="1760" started-at="2018-11-25T15:05:23 CET" description="I can open home page and see header and content" finished-at="2018-11-25T15:05:25 CET">
          <reporter-output>
          </reporter-output>
        </test-method> <!-- testOpenHomePage -->
      </class> <!-- com.apothuaud.selenium.clickclack.web.tests.draft.v1.HomePageUnitTestSet -->
      <class name="com.apothuaud.selenium.clickclack.web.tests.draft.v1.HomePageIntegrationTestSet">
        <test-method status="PASS" signature="testHomePageToListPage()[pri:0, instance:com.apothuaud.selenium.clickclack.web.tests.draft.v1.HomePageIntegrationTestSet@59e84876]" name="testHomePageToListPage" duration-ms="1029" started-at="2018-11-25T15:05:25 CET" description="I can navigate to List page from Home page" finished-at="2018-11-25T15:05:26 CET">
          <reporter-output>
          </reporter-output>
        </test-method> <!-- testHomePageToListPage -->
      </class> <!-- com.apothuaud.selenium.clickclack.web.tests.draft.v1.HomePageIntegrationTestSet -->
    </test> <!-- HomePage -->
    <test name="ClacksListPage" duration-ms="9722" started-at="2018-11-25T15:05:26 CET" finished-at="2018-11-25T15:05:36 CET">
      <class name="com.apothuaud.selenium.clickclack.web.tests.draft.v1.ClacksListPageIntegrationTestSet">
        <test-method status="PASS" signature="beforeTest()[pri:0, instance:com.apothuaud.selenium.clickclack.web.tests.draft.v1.ClacksListPageIntegrationTestSet@5d5eef3d]" name="beforeTest" is-config="true" duration-ms="1386" started-at="2018-11-25T15:05:27 CET" finished-at="2018-11-25T15:05:28 CET">
          <reporter-output>
          </reporter-output>
        </test-method> <!-- beforeTest -->
        <test-method status="PASS" signature="testListPageToCreatePage()[pri:0, instance:com.apothuaud.selenium.clickclack.web.tests.draft.v1.ClacksListPageIntegrationTestSet@5d5eef3d]" name="testListPageToCreatePage" duration-ms="902" started-at="2018-11-25T15:05:28 CET" description="I can navigate to Create page from List page" finished-at="2018-11-25T15:05:29 CET">
          <reporter-output>
          </reporter-output>
        </test-method> <!-- testListPageToCreatePage -->
        <test-method status="PASS" signature="beforeTest()[pri:0, instance:com.apothuaud.selenium.clickclack.web.tests.draft.v1.ClacksListPageIntegrationTestSet@5d5eef3d]" name="beforeTest" is-config="true" duration-ms="1194" started-at="2018-11-25T15:05:29 CET" finished-at="2018-11-25T15:05:30 CET">
          <reporter-output>
          </reporter-output>
        </test-method> <!-- beforeTest -->
        <test-method status="PASS" signature="testListPageToDetailsPage()[pri:0, instance:com.apothuaud.selenium.clickclack.web.tests.draft.v1.ClacksListPageIntegrationTestSet@5d5eef3d]" name="testListPageToDetailsPage" duration-ms="1195" started-at="2018-11-25T15:05:30 CET" description="I can navigate to Details page from List page" finished-at="2018-11-25T15:05:32 CET">
          <reporter-output>
          </reporter-output>
        </test-method> <!-- testListPageToDetailsPage -->
        <test-method status="PASS" signature="beforeTest()[pri:0, instance:com.apothuaud.selenium.clickclack.web.tests.draft.v1.ClacksListPageIntegrationTestSet@5d5eef3d]" name="beforeTest" is-config="true" duration-ms="1270" started-at="2018-11-25T15:05:32 CET" finished-at="2018-11-25T15:05:33 CET">
          <reporter-output>
          </reporter-output>
        </test-method> <!-- beforeTest -->
        <test-method status="PASS" signature="testListPageToHomePage()[pri:0, instance:com.apothuaud.selenium.clickclack.web.tests.draft.v1.ClacksListPageIntegrationTestSet@5d5eef3d]" name="testListPageToHomePage" duration-ms="917" started-at="2018-11-25T15:05:33 CET" description="I can navigate to Home page from List page" finished-at="2018-11-25T15:05:34 CET">
          <reporter-output>
          </reporter-output>
        </test-method> <!-- testListPageToHomePage -->
        <test-method status="PASS" signature="beforeTest()[pri:0, instance:com.apothuaud.selenium.clickclack.web.tests.draft.v1.ClacksListPageIntegrationTestSet@5d5eef3d]" name="beforeTest" is-config="true" duration-ms="1187" started-at="2018-11-25T15:05:34 CET" finished-at="2018-11-25T15:05:35 CET">
          <reporter-output>
          </reporter-output>
        </test-method> <!-- beforeTest -->
        <test-method status="PASS" signature="testListPageToUpdatePage()[pri:0, instance:com.apothuaud.selenium.clickclack.web.tests.draft.v1.ClacksListPageIntegrationTestSet@5d5eef3d]" name="testListPageToUpdatePage" duration-ms="1057" started-at="2018-11-25T15:05:35 CET" description="I can navigate to Update page from List page" finished-at="2018-11-25T15:05:36 CET">
          <reporter-output>
          </reporter-output>
        </test-method> <!-- testListPageToUpdatePage -->
      </class> <!-- com.apothuaud.selenium.clickclack.web.tests.draft.v1.ClacksListPageIntegrationTestSet -->
      <class name="com.apothuaud.selenium.clickclack.web.tests.draft.v1.ClacksListPageUnitTestSet">
        <test-method status="PASS" signature="testOpenClacksPage()[pri:0, instance:com.apothuaud.selenium.clickclack.web.tests.draft.v1.ClacksListPageUnitTestSet@23ceabc1]" name="testOpenClacksPage" duration-ms="608" started-at="2018-11-25T15:05:26 CET" description="I can open clacks page and see header and content" finished-at="2018-11-25T15:05:27 CET">
          <reporter-output>
          </reporter-output>
        </test-method> <!-- testOpenClacksPage -->
      </class> <!-- com.apothuaud.selenium.clickclack.web.tests.draft.v1.ClacksListPageUnitTestSet -->
    </test> <!-- ClacksListPage -->
    <test name="ClacksCreatePage" duration-ms="1937" started-at="2018-11-25T15:05:36 CET" finished-at="2018-11-25T15:05:38 CET">
      <class name="com.apothuaud.selenium.clickclack.web.tests.draft.v1.ClacksCreatePageUnitTestSet">
        <test-method status="PASS" signature="testOpenCreateClackPage()[pri:0, instance:com.apothuaud.selenium.clickclack.web.tests.draft.v1.ClacksCreatePageUnitTestSet@396a51ab]" name="testOpenCreateClackPage" duration-ms="440" started-at="2018-11-25T15:05:36 CET" description="I can open clacks create page and see header and content" finished-at="2018-11-25T15:05:36 CET">
          <reporter-output>
          </reporter-output>
        </test-method> <!-- testOpenCreateClackPage -->
      </class> <!-- com.apothuaud.selenium.clickclack.web.tests.draft.v1.ClacksCreatePageUnitTestSet -->
      <class name="com.apothuaud.selenium.clickclack.web.tests.draft.v1.ClacksCreatePageIntegrationTestSet">
        <test-method status="PASS" signature="testCreatePageToListPage()[pri:0, instance:com.apothuaud.selenium.clickclack.web.tests.draft.v1.ClacksCreatePageIntegrationTestSet@51081592]" name="testCreatePageToListPage" duration-ms="882" started-at="2018-11-25T15:05:36 CET" description="I can navigate to Clacks page from Create page" finished-at="2018-11-25T15:05:37 CET">
          <reporter-output>
          </reporter-output>
        </test-method> <!-- testCreatePageToListPage -->
      </class> <!-- com.apothuaud.selenium.clickclack.web.tests.draft.v1.ClacksCreatePageIntegrationTestSet -->
      <class name="com.apothuaud.selenium.clickclack.web.tests.draft.v1.ClacksCreatePageFunctionalTestSet">
        <test-method status="PASS" signature="testCreateFormAddFields()[pri:0, instance:com.apothuaud.selenium.clickclack.web.tests.draft.v1.ClacksCreatePageFunctionalTestSet@7f9a81e8]" name="testCreateFormAddFields" duration-ms="514" started-at="2018-11-25T15:05:37 CET" description="I can add fields in create clack form" finished-at="2018-11-25T15:05:38 CET">
          <reporter-output>
          </reporter-output>
        </test-method> <!-- testCreateFormAddFields -->
        <test-method status="PASS" signature="testCreateFormRemoveFields()[pri:0, instance:com.apothuaud.selenium.clickclack.web.tests.draft.v1.ClacksCreatePageFunctionalTestSet@7f9a81e8]" name="testCreateFormRemoveFields" duration-ms="98" started-at="2018-11-25T15:05:38 CET" description="I can remove fields in create clack form" depends-on-methods="com.apothuaud.selenium.clickclack.web.tests.draft.v1.ClacksCreatePageFunctionalTestSet.testCreateFormAddFields" finished-at="2018-11-25T15:05:38 CET">
          <reporter-output>
          </reporter-output>
        </test-method> <!-- testCreateFormRemoveFields -->
      </class> <!-- com.apothuaud.selenium.clickclack.web.tests.draft.v1.ClacksCreatePageFunctionalTestSet -->
    </test> <!-- ClacksCreatePage -->
    <test name="ClacksDetailsPage" duration-ms="6567" started-at="2018-11-25T15:05:38 CET" finished-at="2018-11-25T15:05:44 CET">
      <class name="com.apothuaud.selenium.clickclack.web.tests.draft.v1.ClacksDetailsPageFunctionalTestSet">
        <test-method status="PASS" signature="testErrorClackNotFound()[pri:0, instance:com.apothuaud.selenium.clickclack.web.tests.draft.v1.ClacksDetailsPageFunctionalTestSet@2a2d45ba]" name="testErrorClackNotFound" duration-ms="360" started-at="2018-11-25T15:05:44 CET" description="Error clack not found on details page" finished-at="2018-11-25T15:05:44 CET">
          <reporter-output>
          </reporter-output>
        </test-method> <!-- testErrorClackNotFound -->
      </class> <!-- com.apothuaud.selenium.clickclack.web.tests.draft.v1.ClacksDetailsPageFunctionalTestSet -->
      <class name="com.apothuaud.selenium.clickclack.web.tests.draft.v1.ClacksDetailsPageIntegrationTestSet">
        <test-method status="PASS" signature="beforeTest()[pri:0, instance:com.apothuaud.selenium.clickclack.web.tests.draft.v1.ClacksDetailsPageIntegrationTestSet@7c16905e]" name="beforeTest" is-config="true" duration-ms="1180" started-at="2018-11-25T15:05:40 CET" finished-at="2018-11-25T15:05:41 CET">
          <reporter-output>
          </reporter-output>
        </test-method> <!-- beforeTest -->
        <test-method status="PASS" signature="testDetailsPageToListPage()[pri:0, instance:com.apothuaud.selenium.clickclack.web.tests.draft.v1.ClacksDetailsPageIntegrationTestSet@7c16905e]" name="testDetailsPageToListPage" duration-ms="934" started-at="2018-11-25T15:05:41 CET" description="I can navigate to List page from Details page" finished-at="2018-11-25T15:05:42 CET">
          <reporter-output>
          </reporter-output>
        </test-method> <!-- testDetailsPageToListPage -->
        <test-method status="PASS" signature="beforeTest()[pri:0, instance:com.apothuaud.selenium.clickclack.web.tests.draft.v1.ClacksDetailsPageIntegrationTestSet@7c16905e]" name="beforeTest" is-config="true" duration-ms="1327" started-at="2018-11-25T15:05:42 CET" finished-at="2018-11-25T15:05:43 CET">
          <reporter-output>
          </reporter-output>
        </test-method> <!-- beforeTest -->
        <test-method status="PASS" signature="testDetailsPageToUpdatePage()[pri:0, instance:com.apothuaud.selenium.clickclack.web.tests.draft.v1.ClacksDetailsPageIntegrationTestSet@7c16905e]" name="testDetailsPageToUpdatePage" duration-ms="965" started-at="2018-11-25T15:05:43 CET" description="I can navigate to Update page from Details page" finished-at="2018-11-25T15:05:44 CET">
          <reporter-output>
          </reporter-output>
        </test-method> <!-- testDetailsPageToUpdatePage -->
      </class> <!-- com.apothuaud.selenium.clickclack.web.tests.draft.v1.ClacksDetailsPageIntegrationTestSet -->
      <class name="com.apothuaud.selenium.clickclack.web.tests.draft.v1.ClacksDetailsPageUnitTestSet">
        <test-method status="PASS" signature="beforeTest()[pri:0, instance:com.apothuaud.selenium.clickclack.web.tests.draft.v1.ClacksDetailsPageUnitTestSet@1753acfe]" name="beforeTest" is-config="true" duration-ms="1282" started-at="2018-11-25T15:05:38 CET" finished-at="2018-11-25T15:05:39 CET">
          <reporter-output>
          </reporter-output>
        </test-method> <!-- beforeTest -->
        <test-method status="PASS" signature="testOpenClackDetailsPage()[pri:0, instance:com.apothuaud.selenium.clickclack.web.tests.draft.v1.ClacksDetailsPageUnitTestSet@1753acfe]" name="testOpenClackDetailsPage" duration-ms="512" started-at="2018-11-25T15:05:39 CET" description="I can open clacks details page and see header and content" finished-at="2018-11-25T15:05:40 CET">
          <reporter-output>
          </reporter-output>
        </test-method> <!-- testOpenClackDetailsPage -->
      </class> <!-- com.apothuaud.selenium.clickclack.web.tests.draft.v1.ClacksDetailsPageUnitTestSet -->
    </test> <!-- ClacksDetailsPage -->
    <test name="ClacksUpdatePage" duration-ms="5992" started-at="2018-11-25T15:05:44 CET" finished-at="2018-11-25T15:05:50 CET">
      <class name="com.apothuaud.selenium.clickclack.web.tests.draft.v1.ClacksUpdatePageFunctionalTestSet">
        <test-method status="PASS" signature="beforeTest()[pri:0, instance:com.apothuaud.selenium.clickclack.web.tests.draft.v1.ClacksUpdatePageFunctionalTestSet@4cc0edeb]" name="beforeTest" is-config="true" duration-ms="1203" started-at="2018-11-25T15:05:44 CET" finished-at="2018-11-25T15:05:46 CET">
          <reporter-output>
          </reporter-output>
        </test-method> <!-- beforeTest -->
        <test-method status="PASS" signature="testUpdateFormAddFields()[pri:0, instance:com.apothuaud.selenium.clickclack.web.tests.draft.v1.ClacksUpdatePageFunctionalTestSet@4cc0edeb]" name="testUpdateFormAddFields" duration-ms="548" started-at="2018-11-25T15:05:50 CET" description="I can add fields in update clack form" finished-at="2018-11-25T15:05:50 CET">
          <reporter-output>
          </reporter-output>
        </test-method> <!-- testUpdateFormAddFields -->
        <test-method status="PASS" signature="testUpdateFormRemoveFields()[pri:0, instance:com.apothuaud.selenium.clickclack.web.tests.draft.v1.ClacksUpdatePageFunctionalTestSet@4cc0edeb]" name="testUpdateFormRemoveFields" duration-ms="82" started-at="2018-11-25T15:05:50 CET" description="I can remove fields in update clack form" depends-on-methods="com.apothuaud.selenium.clickclack.web.tests.draft.v1.ClacksUpdatePageFunctionalTestSet.testUpdateFormAddFields" finished-at="2018-11-25T15:05:50 CET">
          <reporter-output>
          </reporter-output>
        </test-method> <!-- testUpdateFormRemoveFields -->
      </class> <!-- com.apothuaud.selenium.clickclack.web.tests.draft.v1.ClacksUpdatePageFunctionalTestSet -->
      <class name="com.apothuaud.selenium.clickclack.web.tests.draft.v1.ClacksUpdatePageIntegrationTestSet">
        <test-method status="PASS" signature="beforeTest()[pri:0, instance:com.apothuaud.selenium.clickclack.web.tests.draft.v1.ClacksUpdatePageIntegrationTestSet@457e2f02]" name="beforeTest" is-config="true" duration-ms="1184" started-at="2018-11-25T15:05:48 CET" finished-at="2018-11-25T15:05:49 CET">
          <reporter-output>
          </reporter-output>
        </test-method> <!-- beforeTest -->
        <test-method status="PASS" signature="testDetailsPageToListPage()[pri:0, instance:com.apothuaud.selenium.clickclack.web.tests.draft.v1.ClacksUpdatePageIntegrationTestSet@457e2f02]" name="testDetailsPageToListPage" duration-ms="1065" started-at="2018-11-25T15:05:49 CET" description="I can navigate to List page from Details page" finished-at="2018-11-25T15:05:50 CET">
          <reporter-output>
          </reporter-output>
        </test-method> <!-- testDetailsPageToListPage -->
      </class> <!-- com.apothuaud.selenium.clickclack.web.tests.draft.v1.ClacksUpdatePageIntegrationTestSet -->
      <class name="com.apothuaud.selenium.clickclack.web.tests.draft.v1.ClacksUpdatePageUnitTestSet">
        <test-method status="PASS" signature="beforeTest()[pri:0, instance:com.apothuaud.selenium.clickclack.web.tests.draft.v1.ClacksUpdatePageUnitTestSet@7823a2f9]" name="beforeTest" is-config="true" duration-ms="1249" started-at="2018-11-25T15:05:46 CET" finished-at="2018-11-25T15:05:47 CET">
          <reporter-output>
          </reporter-output>
        </test-method> <!-- beforeTest -->
        <test-method status="PASS" signature="testOpenClackUpdatePage()[pri:0, instance:com.apothuaud.selenium.clickclack.web.tests.draft.v1.ClacksUpdatePageUnitTestSet@7823a2f9]" name="testOpenClackUpdatePage" duration-ms="657" started-at="2018-11-25T15:05:47 CET" description="I can open clacks update page and see header and content" finished-at="2018-11-25T15:05:48 CET">
          <reporter-output>
          </reporter-output>
        </test-method> <!-- testOpenClackUpdatePage -->
      </class> <!-- com.apothuaud.selenium.clickclack.web.tests.draft.v1.ClacksUpdatePageUnitTestSet -->
    </test> <!-- ClacksUpdatePage -->
    <test name="ClacksDeletePage" duration-ms="13925" started-at="2018-11-25T15:05:50 CET" finished-at="2018-11-25T15:06:04 CET">
      <class name="com.apothuaud.selenium.clickclack.web.tests.draft.v1.ClacksDeletePageUnitTestSet">
        <test-method status="PASS" signature="beforeMethod()[pri:0, instance:com.apothuaud.selenium.clickclack.web.tests.draft.v1.ClacksDeletePageUnitTestSet@8bd1b6a]" name="beforeMethod" is-config="true" duration-ms="1194" started-at="2018-11-25T15:05:50 CET" finished-at="2018-11-25T15:05:52 CET">
          <reporter-output>
          </reporter-output>
        </test-method> <!-- beforeMethod -->
        <test-method status="PASS" signature="testOpenClacksDeletePage()[pri:0, instance:com.apothuaud.selenium.clickclack.web.tests.draft.v1.ClacksDeletePageUnitTestSet@8bd1b6a]" name="testOpenClacksDeletePage" duration-ms="536" started-at="2018-11-25T15:05:52 CET" description="I can open clacks create page and see header and content" finished-at="2018-11-25T15:05:52 CET">
          <reporter-output>
          </reporter-output>
        </test-method> <!-- testOpenClacksDeletePage -->
      </class> <!-- com.apothuaud.selenium.clickclack.web.tests.draft.v1.ClacksDeletePageUnitTestSet -->
      <class name="com.apothuaud.selenium.clickclack.web.tests.draft.v1.ClacksDeletePageFunctionalTestSet">
        <test-method status="PASS" signature="beforeTest()[pri:0, instance:com.apothuaud.selenium.clickclack.web.tests.draft.v1.ClacksDeletePageFunctionalTestSet@cb5822]" name="beforeTest" is-config="true" duration-ms="1189" started-at="2018-11-25T15:05:55 CET" finished-at="2018-11-25T15:05:56 CET">
          <reporter-output>
          </reporter-output>
        </test-method> <!-- beforeTest -->
        <test-method status="PASS" signature="testDeletePageConfirmToDelete()[pri:0, instance:com.apothuaud.selenium.clickclack.web.tests.draft.v1.ClacksDeletePageFunctionalTestSet@cb5822]" name="testDeletePageConfirmToDelete" duration-ms="3497" started-at="2018-11-25T15:05:56 CET" description="On Delete page I can confirm delete" finished-at="2018-11-25T15:05:59 CET">
          <reporter-output>
          </reporter-output>
        </test-method> <!-- testDeletePageConfirmToDelete -->
        <test-method status="PASS" signature="beforeTest()[pri:0, instance:com.apothuaud.selenium.clickclack.web.tests.draft.v1.ClacksDeletePageFunctionalTestSet@cb5822]" name="beforeTest" is-config="true" duration-ms="1542" started-at="2018-11-25T15:05:59 CET" finished-at="2018-11-25T15:06:01 CET">
          <reporter-output>
          </reporter-output>
        </test-method> <!-- beforeTest -->
        <test-method status="PASS" signature="testDeletePageRefuseToDelete()[pri:0, instance:com.apothuaud.selenium.clickclack.web.tests.draft.v1.ClacksDeletePageFunctionalTestSet@cb5822]" name="testDeletePageRefuseToDelete" duration-ms="3457" started-at="2018-11-25T15:06:01 CET" description="On Delete page I can refuse delete" finished-at="2018-11-25T15:06:04 CET">
          <reporter-output>
          </reporter-output>
        </test-method> <!-- testDeletePageRefuseToDelete -->
      </class> <!-- com.apothuaud.selenium.clickclack.web.tests.draft.v1.ClacksDeletePageFunctionalTestSet -->
      <class name="com.apothuaud.selenium.clickclack.web.tests.draft.v1.ClacksDeletePageIntegrationTestSet">
        <test-method status="PASS" signature="beforeTest()[pri:0, instance:com.apothuaud.selenium.clickclack.web.tests.draft.v1.ClacksDeletePageIntegrationTestSet@18be83e4]" name="beforeTest" is-config="true" duration-ms="1180" started-at="2018-11-25T15:05:52 CET" finished-at="2018-11-25T15:05:53 CET">
          <reporter-output>
          </reporter-output>
        </test-method> <!-- beforeTest -->
        <test-method status="PASS" signature="testDeletePageToListPage()[pri:0, instance:com.apothuaud.selenium.clickclack.web.tests.draft.v1.ClacksDeletePageIntegrationTestSet@18be83e4]" name="testDeletePageToListPage" duration-ms="1325" started-at="2018-11-25T15:05:53 CET" description="I can navigate to Clacks page from Delete page" finished-at="2018-11-25T15:05:55 CET">
          <reporter-output>
          </reporter-output>
        </test-method> <!-- testDeletePageToListPage -->
      </class> <!-- com.apothuaud.selenium.clickclack.web.tests.draft.v1.ClacksDeletePageIntegrationTestSet -->
    </test> <!-- ClacksDeletePage -->
    <test name="end to end" duration-ms="5136" started-at="2018-11-25T15:06:04 CET" finished-at="2018-11-25T15:06:10 CET">
      <class name="com.apothuaud.selenium.clickclack.web.tests.draft.v1.ClacksEndToEndTestSet">
        <test-method status="PASS" signature="setUp()[pri:0, instance:com.apothuaud.selenium.clickclack.web.tests.draft.v1.ClacksEndToEndTestSet@224edc67]" name="setUp" is-config="true" duration-ms="5532" started-at="2018-11-25T15:05:18 CET" finished-at="2018-11-25T15:05:23 CET">
          <reporter-output>
          </reporter-output>
        </test-method> <!-- setUp -->
        <test-method status="PASS" signature="testCRUDClack()[pri:0, instance:com.apothuaud.selenium.clickclack.web.tests.draft.v1.ClacksEndToEndTestSet@224edc67]" name="testCRUDClack" duration-ms="5134" started-at="2018-11-25T15:06:04 CET" description="I can CRUD clack" finished-at="2018-11-25T15:06:10 CET">
          <reporter-output>
          </reporter-output>
        </test-method> <!-- testCRUDClack -->
        <test-method status="PASS" signature="cleanUp()[pri:0, instance:com.apothuaud.selenium.clickclack.web.tests.draft.v1.ClacksEndToEndTestSet@224edc67]" name="cleanUp" is-config="true" duration-ms="119" started-at="2018-11-25T15:06:10 CET" finished-at="2018-11-25T15:06:10 CET">
          <reporter-output>
          </reporter-output>
        </test-method> <!-- cleanUp -->
      </class> <!-- com.apothuaud.selenium.clickclack.web.tests.draft.v1.ClacksEndToEndTestSet -->
    </test> <!-- end to end -->
  </suite> <!-- ClickClack Web Draft v1 -->
</testng-results>
