<?xml version="1.0" encoding="UTF-8"?>
<!-- Generated by org.testng.reporters.JUnitXMLReporter -->
<testsuite hostname="AirdeAdstrateur" ignored="4" name="HomePage" tests="2" failures="0" timestamp="2018-11-28T05:35:56 CET" time="10.758" errors="0">
  <testcase name="testOpenHomePage" time="1.392" classname="com.apothuaud.selenium.clickclack.web.tests.draft.v1.HomePageUnitTestSet"/>
  <testcase name="testHomePageToListPage" time="9.316" classname="com.apothuaud.selenium.clickclack.web.tests.draft.v1.HomePageIntegrationTestSet"/>
  <testcase name="@AfterSuite cleanUp" time="0.0" classname="com.apothuaud.selenium.common.TestSet">
    <ignored/>
  </testcase> <!-- @AfterSuite cleanUp -->
  <testcase name="@AfterSuite cleanUp" time="0.0" classname="com.apothuaud.selenium.common.TestSet">
    <ignored/>
  </testcase> <!-- @AfterSuite cleanUp -->
  <testcase name="@BeforeSuite setUp" time="0.0" classname="com.apothuaud.selenium.common.TestSet">
    <ignored/>
  </testcase> <!-- @BeforeSuite setUp -->
  <testcase name="@BeforeSuite setUp" time="0.0" classname="com.apothuaud.selenium.common.TestSet">
    <ignored/>
  </testcase> <!-- @BeforeSuite setUp -->
</testsuite> <!-- HomePage -->
