<?xml version="1.0" encoding="UTF-8"?>
<!-- Generated by org.testng.reporters.JUnitXMLReporter -->
<testsuite hostname="AirdeAdstrateur" ignored="4" name="ClacksDetailsPage" tests="4" failures="0" timestamp="2018-11-25T15:05:44 CET" time="6.567" errors="0">
  <testcase name="testOpenClackDetailsPage" time="0.512" classname="com.apothuaud.selenium.clickclack.web.tests.draft.v1.ClacksDetailsPageUnitTestSet"/>
  <testcase name="testDetailsPageToListPage" time="0.934" classname="com.apothuaud.selenium.clickclack.web.tests.draft.v1.ClacksDetailsPageIntegrationTestSet"/>
  <testcase name="testDetailsPageToUpdatePage" time="0.965" classname="com.apothuaud.selenium.clickclack.web.tests.draft.v1.ClacksDetailsPageIntegrationTestSet"/>
  <testcase name="testErrorClackNotFound" time="0.36" classname="com.apothuaud.selenium.clickclack.web.tests.draft.v1.ClacksDetailsPageFunctionalTestSet"/>
  <testcase name="@AfterSuite cleanUp" time="0.0" classname="com.apothuaud.selenium.common.TestSet">
    <ignored/>
  </testcase> <!-- @AfterSuite cleanUp -->
  <testcase name="@AfterSuite cleanUp" time="0.0" classname="com.apothuaud.selenium.common.TestSet">
    <ignored/>
  </testcase> <!-- @AfterSuite cleanUp -->
  <testcase name="@BeforeSuite setUp" time="0.0" classname="com.apothuaud.selenium.common.TestSet">
    <ignored/>
  </testcase> <!-- @BeforeSuite setUp -->
  <testcase name="@BeforeSuite setUp" time="0.0" classname="com.apothuaud.selenium.common.TestSet">
    <ignored/>
  </testcase> <!-- @BeforeSuite setUp -->
</testsuite> <!-- ClacksDetailsPage -->
