<?xml version="1.0" encoding="UTF-8"?>
<!-- Generated by org.testng.reporters.JUnitXMLReporter -->
<testsuite hostname="AirdeAdstrateur" ignored="4" name="ClacksDeletePage" tests="4" failures="0" timestamp="2018-11-25T15:06:04 CET" time="13.925" errors="0">
  <testcase name="testOpenClacksDeletePage" time="0.536" classname="com.apothuaud.selenium.clickclack.web.tests.draft.v1.ClacksDeletePageUnitTestSet"/>
  <testcase name="testDeletePageToListPage" time="1.325" classname="com.apothuaud.selenium.clickclack.web.tests.draft.v1.ClacksDeletePageIntegrationTestSet"/>
  <testcase name="testDeletePageConfirmToDelete" time="3.497" classname="com.apothuaud.selenium.clickclack.web.tests.draft.v1.ClacksDeletePageFunctionalTestSet"/>
  <testcase name="testDeletePageRefuseToDelete" time="3.457" classname="com.apothuaud.selenium.clickclack.web.tests.draft.v1.ClacksDeletePageFunctionalTestSet"/>
  <testcase name="@AfterSuite cleanUp" time="0.0" classname="com.apothuaud.selenium.common.TestSet">
    <ignored/>
  </testcase> <!-- @AfterSuite cleanUp -->
  <testcase name="@AfterSuite cleanUp" time="0.0" classname="com.apothuaud.selenium.common.TestSet">
    <ignored/>
  </testcase> <!-- @AfterSuite cleanUp -->
  <testcase name="@BeforeSuite setUp" time="0.0" classname="com.apothuaud.selenium.common.TestSet">
    <ignored/>
  </testcase> <!-- @BeforeSuite setUp -->
  <testcase name="@BeforeSuite setUp" time="0.0" classname="com.apothuaud.selenium.common.TestSet">
    <ignored/>
  </testcase> <!-- @BeforeSuite setUp -->
</testsuite> <!-- ClacksDeletePage -->
