<?xml version="1.0" encoding="UTF-8"?>
<!-- Generated by org.testng.reporters.JUnitXMLReporter -->
<testsuite hostname="AirdeAdstrateur" ignored="4" name="ClacksUpdatePage" tests="4" failures="0" timestamp="2018-11-25T15:05:50 CET" time="5.992" errors="0">
  <testcase name="testOpenClackUpdatePage" time="0.657" classname="com.apothuaud.selenium.clickclack.web.tests.draft.v1.ClacksUpdatePageUnitTestSet"/>
  <testcase name="testDetailsPageToListPage" time="1.065" classname="com.apothuaud.selenium.clickclack.web.tests.draft.v1.ClacksUpdatePageIntegrationTestSet"/>
  <testcase name="testUpdateFormAddFields" time="0.548" classname="com.apothuaud.selenium.clickclack.web.tests.draft.v1.ClacksUpdatePageFunctionalTestSet"/>
  <testcase name="testUpdateFormRemoveFields" time="0.082" classname="com.apothuaud.selenium.clickclack.web.tests.draft.v1.ClacksUpdatePageFunctionalTestSet"/>
  <testcase name="@AfterSuite cleanUp" time="0.0" classname="com.apothuaud.selenium.common.TestSet">
    <ignored/>
  </testcase> <!-- @AfterSuite cleanUp -->
  <testcase name="@AfterSuite cleanUp" time="0.0" classname="com.apothuaud.selenium.common.TestSet">
    <ignored/>
  </testcase> <!-- @AfterSuite cleanUp -->
  <testcase name="@BeforeSuite setUp" time="0.0" classname="com.apothuaud.selenium.common.TestSet">
    <ignored/>
  </testcase> <!-- @BeforeSuite setUp -->
  <testcase name="@BeforeSuite setUp" time="0.0" classname="com.apothuaud.selenium.common.TestSet">
    <ignored/>
  </testcase> <!-- @BeforeSuite setUp -->
</testsuite> <!-- ClacksUpdatePage -->
